<?xml version="1.0" encoding="UTF-8"?>
<!-- Generated by org.testng.reporters.JUnitReportReporter -->
<testsuite hostname="Sagar-Tandu" failures="0" tests="4" name="Automate.Jenkins1.Login" time="7.967" errors="0" timestamp="2022-07-28T09:15:52 IST" skipped="0">
  <testcase classname="Automate.Jenkins1.Login" name="initialize" time="4.972"/>
  <system-out/>
  <testcase classname="Automate.Jenkins1.Login" name="blank" time="0.269"/>
  <system-out/>
  <testcase classname="Automate.Jenkins1.Login" name="invalidemail" time="1.454"/>
  <system-out/>
  <testcase classname="Automate.Jenkins1.Login" name="invalidphone" time="1.272"/>
  <system-out/>
</testsuite> <!-- Automate.Jenkins1.Login -->
