<?xml version="1.0" encoding="UTF-8"?>
<!-- Generated by org.testng.reporters.JUnitReportReporter -->
<testsuite hostname="Sagar-Tandu" failures="0" tests="4" name="Automate.Jenkins1.Login" time="5.680" errors="0" timestamp="2022-07-27T17:37:22 IST" skipped="0">
  <testcase classname="Automate.Jenkins1.Login" name="initialize" time="2.735"/>
  <system-out/>
  <testcase classname="Automate.Jenkins1.Login" name="blank" time="0.429"/>
  <system-out/>
  <testcase classname="Automate.Jenkins1.Login" name="invalidemail" time="1.290"/>
  <system-out/>
  <testcase classname="Automate.Jenkins1.Login" name="invalidphone" time="1.226"/>
  <system-out/>
</testsuite> <!-- Automate.Jenkins1.Login -->
