<?xml version="1.0" encoding="UTF-8"?>
<!-- Generated by org.testng.reporters.JUnitReportReporter -->
<testsuite hostname="Sagar-Tandu" failures="0" tests="3" name="Automate.Jenkins1.Compose" time="16.157" errors="0" timestamp="2022-07-27T17:37:22 IST" skipped="0">
  <testcase classname="Automate.Jenkins1.Compose" name="browser" time="5.077"/>
  <system-out/>
  <testcase classname="Automate.Jenkins1.Compose" name="composeemail" time="11.080"/>
  <system-out/>
  <testcase classname="Automate.Jenkins1.Compose" name="printText" time="0.000"/>
  <system-out/>
</testsuite> <!-- Automate.Jenkins1.Compose -->
